0 verbose cli /opt/conda/bin/node /opt/conda/bin/npm
1 info using npm@8.19.3
2 info using node@v18.13.0
3 timing npm:load:whichnode Completed in 0ms
4 timing config:load:defaults Completed in 1ms
5 timing config:load:file:/opt/conda/lib/node_modules/npm/npmrc Completed in 1ms
6 timing config:load:builtin Completed in 1ms
7 timing config:load:cli Completed in 2ms
8 timing config:load:env Completed in 1ms
9 timing config:load:file:/tmp/.npmrc Completed in 1ms
10 timing config:load:project Completed in 1ms
11 timing config:load:file:/home/jovyan/.npmrc Completed in 0ms
12 timing config:load:user Completed in 0ms
13 timing config:load:file:/opt/conda/etc/npmrc Completed in 0ms
14 timing config:load:global Completed in 0ms
15 timing config:load:validate Completed in 0ms
16 timing config:load:credentials Completed in 1ms
17 timing config:load:setEnvs Completed in 1ms
18 timing config:load Completed in 9ms
19 timing npm:load:configload Completed in 9ms
20 timing npm:load:mkdirpcache Completed in 1ms
21 timing npm:load:mkdirplogs Completed in 0ms
22 verbose title npm cache clean
23 verbose argv "cache" "clean" "--force"
24 timing npm:load:setTitle Completed in 1ms
25 timing config:load:flatten Completed in 2ms
26 timing npm:load:display Completed in 4ms
27 verbose logfile logs-max:10 dir:/home/jovyan/.npm/_logs
28 verbose logfile /home/jovyan/.npm/_logs/2023-02-28T13_10_53_922Z-debug-0.log
29 timing npm:load:logFile Completed in 5ms
30 timing npm:load:timers Completed in 0ms
31 timing npm:load:configScope Completed in 0ms
32 warn using --force Recommended protections disabled.
33 timing npm:load Completed in 24ms
34 silly logfile done cleaning log files
35 timing command:cache Completed in 13ms
36 verbose exit 0
37 timing npm Completed in 42ms
38 info ok
